<?xml version="1.0" encoding="UTF-8"?>
<coverage generated="1769548123505" clover="3.2.0">
  <project timestamp="1769548123505" name="All files">
    <metrics statements="38" coveredstatements="38" conditionals="18" coveredconditionals="18" methods="34" coveredmethods="34" elements="90" coveredelements="90" complexity="0" loc="38" ncloc="38" packages="8" files="8" classes="8"/>
    <package name="components.ui.Avatar">
      <metrics statements="6" coveredstatements="6" conditionals="1" coveredconditionals="1" methods="6" coveredmethods="6"/>
      <file name="Avatar.tsx" path="C:\Users\Andreus\Desktop\test-task\src\components\ui\Avatar\Avatar.tsx">
        <metrics statements="6" coveredstatements="6" conditionals="1" coveredconditionals="1" methods="6" coveredmethods="6"/>
        <line num="13" count="15" type="stmt"/>
        <line num="30" count="1" type="stmt"/>
        <line num="43" count="15" type="stmt"/>
        <line num="56" count="2" type="stmt"/>
        <line num="72" count="4" type="stmt"/>
        <line num="88" count="2" type="stmt"/>
      </file>
    </package>
    <package name="components.ui.Button">
      <metrics statements="3" coveredstatements="3" conditionals="5" coveredconditionals="5" methods="1" coveredmethods="1"/>
      <file name="Button.tsx" path="C:\Users\Andreus\Desktop\test-task\src\components\ui\Button\Button.tsx">
        <metrics statements="3" coveredstatements="3" conditionals="5" coveredconditionals="5" methods="1" coveredmethods="1"/>
        <line num="7" count="3" type="stmt"/>
        <line num="51" count="23" type="cond" truecount="2" falsecount="0"/>
        <line num="53" count="23" type="stmt"/>
      </file>
    </package>
    <package name="components.ui.Card">
      <metrics statements="7" coveredstatements="7" conditionals="0" coveredconditionals="0" methods="7" coveredmethods="7"/>
      <file name="Card.tsx" path="C:\Users\Andreus\Desktop\test-task\src\components\ui\Card\Card.tsx">
        <metrics statements="7" coveredstatements="7" conditionals="0" coveredconditionals="0" methods="7" coveredmethods="7"/>
        <line num="6" count="15" type="stmt"/>
        <line num="19" count="9" type="stmt"/>
        <line num="32" count="3" type="stmt"/>
        <line num="42" count="3" type="stmt"/>
        <line num="52" count="3" type="stmt"/>
        <line num="65" count="3" type="stmt"/>
        <line num="75" count="3" type="stmt"/>
      </file>
    </package>
    <package name="components.ui.Dialog">
      <metrics statements="10" coveredstatements="10" conditionals="6" coveredconditionals="6" methods="10" coveredmethods="10"/>
      <file name="Dialog.tsx" path="C:\Users\Andreus\Desktop\test-task\src\components\ui\Dialog\Dialog.tsx">
        <metrics statements="10" coveredstatements="10" conditionals="6" coveredconditionals="6" methods="10" coveredmethods="10"/>
        <line num="11" count="20" type="stmt"/>
        <line num="17" count="1" type="stmt"/>
        <line num="23" count="20" type="stmt"/>
        <line num="29" count="1" type="stmt"/>
        <line num="36" count="36" type="stmt"/>
        <line num="56" count="20" type="stmt"/>
        <line num="83" count="3" type="stmt"/>
        <line num="100" count="5" type="stmt"/>
        <line num="123" count="3" type="stmt"/>
        <line num="136" count="3" type="stmt"/>
      </file>
    </package>
    <package name="components.ui.Pagination">
      <metrics statements="7" coveredstatements="7" conditionals="5" coveredconditionals="5" methods="7" coveredmethods="7"/>
      <file name="Pagination.tsx" path="C:\Users\Andreus\Desktop\test-task\src\components\ui\Pagination\Pagination.tsx">
        <metrics statements="7" coveredstatements="7" conditionals="5" coveredconditionals="5" methods="7" coveredmethods="7"/>
        <line num="12" count="20" type="stmt"/>
        <line num="27" count="20" type="stmt"/>
        <line num="37" count="24" type="stmt"/>
        <line num="51" count="21" type="stmt"/>
        <line num="72" count="3" type="stmt"/>
        <line num="89" count="3" type="stmt"/>
        <line num="106" count="3" type="stmt"/>
      </file>
    </package>
    <package name="components.ui.Skeleton">
      <metrics statements="1" coveredstatements="1" conditionals="0" coveredconditionals="0" methods="1" coveredmethods="1"/>
      <file name="Skeleton.tsx" path="C:\Users\Andreus\Desktop\test-task\src\components\ui\Skeleton\Skeleton.tsx">
        <metrics statements="1" coveredstatements="1" conditionals="0" coveredconditionals="0" methods="1" coveredmethods="1"/>
        <line num="4" count="6" type="stmt"/>
      </file>
    </package>
    <package name="components.ui.Sonner">
      <metrics statements="3" coveredstatements="3" conditionals="1" coveredconditionals="1" methods="1" coveredmethods="1"/>
      <file name="Sonner.tsx" path="C:\Users\Andreus\Desktop\test-task\src\components\ui\Sonner\Sonner.tsx">
        <metrics statements="3" coveredstatements="3" conditionals="1" coveredconditionals="1" methods="1" coveredmethods="1"/>
        <line num="11" count="1" type="stmt"/>
        <line num="12" count="5" type="cond" truecount="1" falsecount="0"/>
        <line num="14" count="5" type="stmt"/>
      </file>
    </package>
    <package name="lib">
      <metrics statements="1" coveredstatements="1" conditionals="0" coveredconditionals="0" methods="1" coveredmethods="1"/>
      <file name="utils.ts" path="C:\Users\Andreus\Desktop\test-task\src\lib\utils.ts">
        <metrics statements="1" coveredstatements="1" conditionals="0" coveredconditionals="0" methods="1" coveredmethods="1"/>
        <line num="5" count="247" type="stmt"/>
      </file>
    </package>
  </project>
</coverage>
