{"C:\\Users\\Andreus\\Desktop\\test-task\\src\\components\\ui\\Avatar\\Avatar.tsx": {"path":"C:\\Users\\Andreus\\Desktop\\test-task\\src\\components\\ui\\Avatar\\Avatar.tsx","statementMap":{"0":{"start":{"line":13,"column":2},"end":{"line":22,"column":null}},"1":{"start":{"line":30,"column":2},"end":{"line":35,"column":null}},"2":{"start":{"line":43,"column":2},"end":{"line":51,"column":null}},"3":{"start":{"line":56,"column":2},"end":{"line":67,"column":null}},"4":{"start":{"line":72,"column":2},"end":{"line":80,"column":null}},"5":{"start":{"line":88,"column":2},"end":{"line":96,"column":null}}},"fnMap":{"0":{"name":"Avatar","decl":{"start":{"line":6,"column":9},"end":{"line":6,"column":16}},"loc":{"start":{"line":12,"column":3},"end":{"line":24,"column":null}},"line":12},"1":{"name":"AvatarImage","decl":{"start":{"line":26,"column":9},"end":{"line":26,"column":21}},"loc":{"start":{"line":29,"column":55},"end":{"line":37,"column":null}},"line":29},"2":{"name":"AvatarFallback","decl":{"start":{"line":39,"column":9},"end":{"line":39,"column":24}},"loc":{"start":{"line":42,"column":58},"end":{"line":53,"column":null}},"line":42},"3":{"name":"AvatarBadge","decl":{"start":{"line":55,"column":9},"end":{"line":55,"column":21}},"loc":{"start":{"line":55,"column":76},"end":{"line":69,"column":null}},"line":55},"4":{"name":"AvatarGroup","decl":{"start":{"line":71,"column":9},"end":{"line":71,"column":21}},"loc":{"start":{"line":71,"column":75},"end":{"line":82,"column":null}},"line":71},"5":{"name":"AvatarGroupCount","decl":{"start":{"line":84,"column":9},"end":{"line":84,"column":26}},"loc":{"start":{"line":87,"column":32},"end":{"line":98,"column":null}},"line":87}},"branchMap":{"0":{"loc":{"start":{"line":8,"column":2},"end":{"line":8,"column":null}},"type":"default-arg","locations":[{"start":{"line":8,"column":9},"end":{"line":8,"column":null}}],"line":8}},"s":{"0":15,"1":1,"2":15,"3":2,"4":4,"5":2},"f":{"0":15,"1":1,"2":15,"3":2,"4":4,"5":2},"b":{"0":[15]},"meta":{"lastBranch":1,"lastFunction":6,"lastStatement":6,"seen":{"f:6:9:6:16":0,"b:8:9:8:Infinity":0,"s:13:2:22:Infinity":0,"f:26:9:26:21":1,"s:30:2:35:Infinity":1,"f:39:9:39:24":2,"s:43:2:51:Infinity":2,"f:55:9:55:21":3,"s:56:2:67:Infinity":3,"f:71:9:71:21":4,"s:72:2:80:Infinity":4,"f:84:9:84:26":5,"s:88:2:96:Infinity":5}}}
,"C:\\Users\\Andreus\\Desktop\\test-task\\src\\components\\ui\\Button\\Button.tsx": {"path":"C:\\Users\\Andreus\\Desktop\\test-task\\src\\components\\ui\\Button\\Button.tsx","statementMap":{"0":{"start":{"line":7,"column":6},"end":{"line":39,"column":null}},"1":{"start":{"line":51,"column":15},"end":{"line":51,"column":null}},"2":{"start":{"line":53,"column":2},"end":{"line":60,"column":null}}},"fnMap":{"0":{"name":"Button","decl":{"start":{"line":41,"column":9},"end":{"line":41,"column":16}},"loc":{"start":{"line":50,"column":5},"end":{"line":62,"column":null}},"line":50}},"branchMap":{"0":{"loc":{"start":{"line":43,"column":2},"end":{"line":43,"column":null}},"type":"default-arg","locations":[{"start":{"line":43,"column":12},"end":{"line":43,"column":null}}],"line":43},"1":{"loc":{"start":{"line":44,"column":2},"end":{"line":44,"column":null}},"type":"default-arg","locations":[{"start":{"line":44,"column":9},"end":{"line":44,"column":null}}],"line":44},"2":{"loc":{"start":{"line":45,"column":2},"end":{"line":45,"column":null}},"type":"default-arg","locations":[{"start":{"line":45,"column":12},"end":{"line":45,"column":null}}],"line":45},"3":{"loc":{"start":{"line":51,"column":15},"end":{"line":51,"column":null}},"type":"cond-expr","locations":[{"start":{"line":51,"column":25},"end":{"line":51,"column":32}},{"start":{"line":51,"column":32},"end":{"line":51,"column":null}}],"line":51}},"s":{"0":3,"1":23,"2":23},"f":{"0":23},"b":{"0":[23],"1":[23],"2":[23],"3":[1,22]},"meta":{"lastBranch":4,"lastFunction":1,"lastStatement":3,"seen":{"s:7:6:39:Infinity":0,"f:41:9:41:16":0,"b:43:12:43:Infinity":0,"b:44:9:44:Infinity":1,"b:45:12:45:Infinity":2,"s:51:15:51:Infinity":1,"b:51:25:51:32:51:32:51:Infinity":3,"s:53:2:60:Infinity":2}}}
,"C:\\Users\\Andreus\\Desktop\\test-task\\src\\components\\ui\\Card\\Card.tsx": {"path":"C:\\Users\\Andreus\\Desktop\\test-task\\src\\components\\ui\\Card\\Card.tsx","statementMap":{"0":{"start":{"line":6,"column":2},"end":{"line":14,"column":null}},"1":{"start":{"line":19,"column":2},"end":{"line":27,"column":null}},"2":{"start":{"line":32,"column":2},"end":{"line":37,"column":null}},"3":{"start":{"line":42,"column":2},"end":{"line":47,"column":null}},"4":{"start":{"line":52,"column":2},"end":{"line":60,"column":null}},"5":{"start":{"line":65,"column":2},"end":{"line":70,"column":null}},"6":{"start":{"line":75,"column":2},"end":{"line":80,"column":null}}},"fnMap":{"0":{"name":"Card","decl":{"start":{"line":5,"column":9},"end":{"line":5,"column":14}},"loc":{"start":{"line":5,"column":68},"end":{"line":16,"column":null}},"line":5},"1":{"name":"CardHeader","decl":{"start":{"line":18,"column":9},"end":{"line":18,"column":20}},"loc":{"start":{"line":18,"column":74},"end":{"line":29,"column":null}},"line":18},"2":{"name":"CardTitle","decl":{"start":{"line":31,"column":9},"end":{"line":31,"column":19}},"loc":{"start":{"line":31,"column":73},"end":{"line":39,"column":null}},"line":31},"3":{"name":"CardDescription","decl":{"start":{"line":41,"column":9},"end":{"line":41,"column":25}},"loc":{"start":{"line":41,"column":79},"end":{"line":49,"column":null}},"line":41},"4":{"name":"CardAction","decl":{"start":{"line":51,"column":9},"end":{"line":51,"column":20}},"loc":{"start":{"line":51,"column":74},"end":{"line":62,"column":null}},"line":51},"5":{"name":"CardContent","decl":{"start":{"line":64,"column":9},"end":{"line":64,"column":21}},"loc":{"start":{"line":64,"column":75},"end":{"line":72,"column":null}},"line":64},"6":{"name":"CardFooter","decl":{"start":{"line":74,"column":9},"end":{"line":74,"column":20}},"loc":{"start":{"line":74,"column":74},"end":{"line":82,"column":null}},"line":74}},"branchMap":{},"s":{"0":15,"1":9,"2":3,"3":3,"4":3,"5":3,"6":3},"f":{"0":15,"1":9,"2":3,"3":3,"4":3,"5":3,"6":3},"b":{},"meta":{"lastBranch":0,"lastFunction":7,"lastStatement":7,"seen":{"f:5:9:5:14":0,"s:6:2:14:Infinity":0,"f:18:9:18:20":1,"s:19:2:27:Infinity":1,"f:31:9:31:19":2,"s:32:2:37:Infinity":2,"f:41:9:41:25":3,"s:42:2:47:Infinity":3,"f:51:9:51:20":4,"s:52:2:60:Infinity":4,"f:64:9:64:21":5,"s:65:2:70:Infinity":5,"f:74:9:74:20":6,"s:75:2:80:Infinity":6}}}
,"C:\\Users\\Andreus\\Desktop\\test-task\\src\\components\\ui\\Dialog\\Dialog.tsx": {"path":"C:\\Users\\Andreus\\Desktop\\test-task\\src\\components\\ui\\Dialog\\Dialog.tsx","statementMap":{"0":{"start":{"line":11,"column":2},"end":{"line":11,"column":null}},"1":{"start":{"line":17,"column":2},"end":{"line":17,"column":null}},"2":{"start":{"line":23,"column":2},"end":{"line":23,"column":null}},"3":{"start":{"line":29,"column":2},"end":{"line":29,"column":null}},"4":{"start":{"line":36,"column":2},"end":{"line":44,"column":null}},"5":{"start":{"line":56,"column":2},"end":{"line":78,"column":null}},"6":{"start":{"line":83,"column":2},"end":{"line":88,"column":null}},"7":{"start":{"line":100,"column":2},"end":{"line":115,"column":null}},"8":{"start":{"line":123,"column":2},"end":{"line":128,"column":null}},"9":{"start":{"line":136,"column":2},"end":{"line":141,"column":null}}},"fnMap":{"0":{"name":"Dialog","decl":{"start":{"line":8,"column":9},"end":{"line":8,"column":16}},"loc":{"start":{"line":10,"column":54},"end":{"line":12,"column":null}},"line":10},"1":{"name":"DialogTrigger","decl":{"start":{"line":14,"column":9},"end":{"line":14,"column":23}},"loc":{"start":{"line":16,"column":57},"end":{"line":18,"column":null}},"line":16},"2":{"name":"DialogPortal","decl":{"start":{"line":20,"column":9},"end":{"line":20,"column":22}},"loc":{"start":{"line":22,"column":56},"end":{"line":24,"column":null}},"line":22},"3":{"name":"DialogClose","decl":{"start":{"line":26,"column":9},"end":{"line":26,"column":21}},"loc":{"start":{"line":28,"column":55},"end":{"line":30,"column":null}},"line":28},"4":{"name":"DialogOverlay","decl":{"start":{"line":32,"column":9},"end":{"line":32,"column":23}},"loc":{"start":{"line":35,"column":57},"end":{"line":46,"column":null}},"line":35},"5":{"name":"DialogContent","decl":{"start":{"line":48,"column":9},"end":{"line":48,"column":23}},"loc":{"start":{"line":55,"column":3},"end":{"line":80,"column":null}},"line":55},"6":{"name":"DialogHeader","decl":{"start":{"line":82,"column":9},"end":{"line":82,"column":22}},"loc":{"start":{"line":82,"column":76},"end":{"line":90,"column":null}},"line":82},"7":{"name":"DialogFooter","decl":{"start":{"line":92,"column":9},"end":{"line":92,"column":22}},"loc":{"start":{"line":99,"column":3},"end":{"line":117,"column":null}},"line":99},"8":{"name":"DialogTitle","decl":{"start":{"line":119,"column":9},"end":{"line":119,"column":21}},"loc":{"start":{"line":122,"column":55},"end":{"line":130,"column":null}},"line":122},"9":{"name":"DialogDescription","decl":{"start":{"line":132,"column":9},"end":{"line":132,"column":27}},"loc":{"start":{"line":135,"column":61},"end":{"line":143,"column":null}},"line":135}},"branchMap":{"0":{"loc":{"start":{"line":51,"column":2},"end":{"line":51,"column":null}},"type":"default-arg","locations":[{"start":{"line":51,"column":20},"end":{"line":51,"column":null}}],"line":51},"1":{"loc":{"start":{"line":68,"column":9},"end":{"line":75,"column":null}},"type":"binary-expr","locations":[{"start":{"line":68,"column":9},"end":{"line":68,"column":null}},{"start":{"line":69,"column":10},"end":{"line":75,"column":null}}],"line":68},"2":{"loc":{"start":{"line":94,"column":2},"end":{"line":94,"column":null}},"type":"default-arg","locations":[{"start":{"line":94,"column":20},"end":{"line":94,"column":null}}],"line":94},"3":{"loc":{"start":{"line":110,"column":7},"end":{"line":113,"column":null}},"type":"binary-expr","locations":[{"start":{"line":110,"column":7},"end":{"line":110,"column":null}},{"start":{"line":111,"column":8},"end":{"line":113,"column":null}}],"line":110}},"s":{"0":20,"1":1,"2":20,"3":1,"4":36,"5":20,"6":3,"7":5,"8":3,"9":3},"f":{"0":20,"1":1,"2":20,"3":1,"4":36,"5":20,"6":3,"7":5,"8":3,"9":3},"b":{"0":[20],"1":[20,19],"2":[5],"3":[5,1]},"meta":{"lastBranch":4,"lastFunction":10,"lastStatement":10,"seen":{"f:8:9:8:16":0,"s:11:2:11:Infinity":0,"f:14:9:14:23":1,"s:17:2:17:Infinity":1,"f:20:9:20:22":2,"s:23:2:23:Infinity":2,"f:26:9:26:21":3,"s:29:2:29:Infinity":3,"f:32:9:32:23":4,"s:36:2:44:Infinity":4,"f:48:9:48:23":5,"b:51:20:51:Infinity":0,"s:56:2:78:Infinity":5,"b:68:9:68:Infinity:69:10:75:Infinity":1,"f:82:9:82:22":6,"s:83:2:88:Infinity":6,"f:92:9:92:22":7,"b:94:20:94:Infinity":2,"s:100:2:115:Infinity":7,"b:110:7:110:Infinity:111:8:113:Infinity":3,"f:119:9:119:21":8,"s:123:2:128:Infinity":8,"f:132:9:132:27":9,"s:136:2:141:Infinity":9}}}
,"C:\\Users\\Andreus\\Desktop\\test-task\\src\\components\\ui\\Pagination\\Pagination.tsx": {"path":"C:\\Users\\Andreus\\Desktop\\test-task\\src\\components\\ui\\Pagination\\Pagination.tsx","statementMap":{"0":{"start":{"line":12,"column":2},"end":{"line":19,"column":null}},"1":{"start":{"line":27,"column":2},"end":{"line":32,"column":null}},"2":{"start":{"line":37,"column":2},"end":{"line":37,"column":null}},"3":{"start":{"line":51,"column":2},"end":{"line":64,"column":null}},"4":{"start":{"line":72,"column":2},"end":{"line":81,"column":null}},"5":{"start":{"line":89,"column":2},"end":{"line":98,"column":null}},"6":{"start":{"line":106,"column":2},"end":{"line":115,"column":null}}},"fnMap":{"0":{"name":"Pagination","decl":{"start":{"line":11,"column":9},"end":{"line":11,"column":20}},"loc":{"start":{"line":11,"column":74},"end":{"line":21,"column":null}},"line":11},"1":{"name":"PaginationContent","decl":{"start":{"line":23,"column":9},"end":{"line":23,"column":27}},"loc":{"start":{"line":26,"column":31},"end":{"line":34,"column":null}},"line":26},"2":{"name":"PaginationItem","decl":{"start":{"line":36,"column":9},"end":{"line":36,"column":24}},"loc":{"start":{"line":36,"column":66},"end":{"line":38,"column":null}},"line":36},"3":{"name":"PaginationLink","decl":{"start":{"line":45,"column":9},"end":{"line":45,"column":24}},"loc":{"start":{"line":50,"column":24},"end":{"line":66,"column":null}},"line":50},"4":{"name":"PaginationPrevious","decl":{"start":{"line":68,"column":9},"end":{"line":68,"column":28}},"loc":{"start":{"line":71,"column":48},"end":{"line":83,"column":null}},"line":71},"5":{"name":"PaginationNext","decl":{"start":{"line":85,"column":9},"end":{"line":85,"column":24}},"loc":{"start":{"line":88,"column":48},"end":{"line":100,"column":null}},"line":88},"6":{"name":"PaginationEllipsis","decl":{"start":{"line":102,"column":9},"end":{"line":102,"column":28}},"loc":{"start":{"line":105,"column":33},"end":{"line":117,"column":null}},"line":105}},"branchMap":{"0":{"loc":{"start":{"line":48,"column":2},"end":{"line":48,"column":null}},"type":"default-arg","locations":[{"start":{"line":48,"column":9},"end":{"line":48,"column":null}}],"line":48},"1":{"loc":{"start":{"line":53,"column":20},"end":{"line":53,"column":null}},"type":"cond-expr","locations":[{"start":{"line":53,"column":31},"end":{"line":53,"column":40}},{"start":{"line":53,"column":40},"end":{"line":53,"column":null}}],"line":53},"2":{"loc":{"start":{"line":58,"column":19},"end":{"line":58,"column":null}},"type":"cond-expr","locations":[{"start":{"line":58,"column":30},"end":{"line":58,"column":42}},{"start":{"line":58,"column":42},"end":{"line":58,"column":null}}],"line":58}},"s":{"0":20,"1":20,"2":24,"3":21,"4":3,"5":3,"6":3},"f":{"0":20,"1":20,"2":24,"3":21,"4":3,"5":3,"6":3},"b":{"0":[21],"1":[2,19],"2":[2,19]},"meta":{"lastBranch":3,"lastFunction":7,"lastStatement":7,"seen":{"f:11:9:11:20":0,"s:12:2:19:Infinity":0,"f:23:9:23:27":1,"s:27:2:32:Infinity":1,"f:36:9:36:24":2,"s:37:2:37:Infinity":2,"f:45:9:45:24":3,"b:48:9:48:Infinity":0,"s:51:2:64:Infinity":3,"b:53:31:53:40:53:40:53:Infinity":1,"b:58:30:58:42:58:42:58:Infinity":2,"f:68:9:68:28":4,"s:72:2:81:Infinity":4,"f:85:9:85:24":5,"s:89:2:98:Infinity":5,"f:102:9:102:28":6,"s:106:2:115:Infinity":6}}}
,"C:\\Users\\Andreus\\Desktop\\test-task\\src\\components\\ui\\Skeleton\\Skeleton.tsx": {"path":"C:\\Users\\Andreus\\Desktop\\test-task\\src\\components\\ui\\Skeleton\\Skeleton.tsx","statementMap":{"0":{"start":{"line":4,"column":2},"end":{"line":9,"column":null}}},"fnMap":{"0":{"name":"Skeleton","decl":{"start":{"line":3,"column":9},"end":{"line":3,"column":18}},"loc":{"start":{"line":3,"column":72},"end":{"line":11,"column":null}},"line":3}},"branchMap":{},"s":{"0":6},"f":{"0":6},"b":{},"meta":{"lastBranch":0,"lastFunction":1,"lastStatement":1,"seen":{"f:3:9:3:18":0,"s:4:2:9:Infinity":0}}}
,"C:\\Users\\Andreus\\Desktop\\test-task\\src\\components\\ui\\Sonner\\Sonner.tsx": {"path":"C:\\Users\\Andreus\\Desktop\\test-task\\src\\components\\ui\\Sonner\\Sonner.tsx","statementMap":{"0":{"start":{"line":11,"column":16},"end":{"line":36,"column":null}},"1":{"start":{"line":12,"column":27},"end":{"line":12,"column":null}},"2":{"start":{"line":14,"column":2},"end":{"line":34,"column":null}}},"fnMap":{"0":{"name":"(anonymous_0)","decl":{"start":{"line":11,"column":16},"end":{"line":11,"column":17}},"loc":{"start":{"line":11,"column":48},"end":{"line":36,"column":null}},"line":11}},"branchMap":{"0":{"loc":{"start":{"line":12,"column":10},"end":{"line":12,"column":27}},"type":"default-arg","locations":[{"start":{"line":12,"column":18},"end":{"line":12,"column":27}}],"line":12}},"s":{"0":1,"1":5,"2":5},"f":{"0":5},"b":{"0":[5]},"meta":{"lastBranch":1,"lastFunction":1,"lastStatement":3,"seen":{"s:11:16:36:Infinity":0,"f:11:16:11:17":0,"s:12:27:12:Infinity":1,"b:12:18:12:27":0,"s:14:2:34:Infinity":2}}}
,"C:\\Users\\Andreus\\Desktop\\test-task\\src\\lib\\utils.ts": {"path":"C:\\Users\\Andreus\\Desktop\\test-task\\src\\lib\\utils.ts","statementMap":{"0":{"start":{"line":5,"column":2},"end":{"line":5,"column":null}}},"fnMap":{"0":{"name":"cn","decl":{"start":{"line":4,"column":16},"end":{"line":4,"column":22}},"loc":{"start":{"line":4,"column":44},"end":{"line":6,"column":null}},"line":4}},"branchMap":{},"s":{"0":247},"f":{"0":247},"b":{},"meta":{"lastBranch":0,"lastFunction":1,"lastStatement":1,"seen":{"f:4:16:4:22":0,"s:5:2:5:Infinity":0}}}
}
